#
# A fatal error has been detected by the Java Runtime Environment:
#
#  EXCEPTION_ACCESS_VIOLATION (0xc0000005) at pc=0x00007ffdfb35c8f8, pid=8616, tid=9764
#
# JRE version: OpenJDK Runtime Environment Temurin-17.0.7+7 (17.0.7+7) (build 17.0.7+7)
# Java VM: OpenJDK 64-Bit Server VM Temurin-17.0.7+7 (17.0.7+7, mixed mode, tiered, compressed oops, compressed class ptrs, parallel gc, windows-amd64)
# Problematic frame:
# V  [jvm.dll+0xc8f8]
#
# No core dump will be written. Minidumps are not enabled by default on client versions of Windows
#
# If you would like to submit a bug report, please visit:
#   https://github.com/adoptium/adoptium-support/issues
#

---------------  S U M M A R Y ------------

Command Line: --add-modules=ALL-SYSTEM --add-opens=java.base/java.util=ALL-UNNAMED --add-opens=java.base/java.lang=ALL-UNNAMED --add-opens=java.base/sun.nio.fs=ALL-UNNAMED -Declipse.application=org.eclipse.jdt.ls.core.id1 -Dosgi.bundles.defaultStartLevel=4 -Declipse.product=org.eclipse.jdt.ls.core.product -Djava.import.generatesMetadataFilesAtProjectRoot=false -Dfile.encoding=utf8 -XX:+UseParallelGC -XX:GCTimeRatio=4 -XX:AdaptiveSizePolicyWeight=90 -Dsun.zip.disableMemoryMapping=true -Xmx1G -Xms100m -Xlog:disable -javaagent:c:\Users\TK\.vscode\extensions\redhat.java-1.18.0-win32-x64\lombok\lombok-1.18.27.jar -XX:+HeapDumpOnOutOfMemoryError -XX:HeapDumpPath=c:\Users\TK\AppData\Roaming\Code\User\workspaceStorage\260af681b694b9773cdcb8db8fcff770\redhat.java -Daether.dependencyCollector.impl=bf c:\Users\TK\.vscode\extensions\redhat.java-1.18.0-win32-x64\server\plugins\org.eclipse.equinox.launcher_1.6.400.v20210924-0641.jar -configuration c:\Users\TK\AppData\Roaming\Code\User\globalStorage\redhat.java\1.18.0\config_win -data c:\Users\TK\AppData\Roaming\Code\User\workspaceStorage\260af681b694b9773cdcb8db8fcff770\redhat.java\jdt_ws

Host: Intel(R) Core(TM) i5-8265U CPU @ 1.60GHz, 8 cores, 7G,  Windows 10 , 64 bit Build 19041 (10.0.19041.1503)
Time: Mon May  8 12:14:22 2023 SE Asia Standard Time elapsed time: 7.669351 seconds (0d 0h 0m 7s)

---------------  T H R E A D  ---------------

Current thread (0x000002efac8d2b30):  GCTaskThread "GC Thread#0" [stack: 0x000000f52e500000,0x000000f52e600000] [id=9764]

Stack: [0x000000f52e500000,0x000000f52e600000],  sp=0x000000f52e5ff5d8,  free space=1021k
Native frames: (J=compiled Java code, j=interpreted, Vv=VM code, C=native code)
V  [jvm.dll+0xc8f8]


siginfo: EXCEPTION_ACCESS_VIOLATION (0xc0000005), reading address 0x0000000760be6f60


Register to memory mapping:

RIP=0x00007ffdfb35c8f8 jvm.dll
RAX=0x0000000000000001 is an unknown value
RBX=0x0000000000000065 is an unknown value
RCX=0x0000000000000003 is an unknown value
RDX=0x00000000eafad000 points into unknown readable memory: 0x0000000000000065 | 65 00 00 00 00 00 00 00
RSP=0x000000f52e5ff5d8 points into unknown readable memory: 0x00007ffdfba042e6 | e6 42 a0 fb fd 7f 00 00
RBP=0x000000f52e5ff658 points into unknown readable memory: 0x000000000000000c | 0c 00 00 00 00 00 00 00
RSI=0x00000000ec10b8c0 points into unknown readable memory: 0xec1a1898eafad000 | 00 d0 fa ea 98 18 1a ec
RDI=0x000002efc0725180 points into unknown readable memory: 0x00007ffdfbd00578 | 78 05 d0 fb fd 7f 00 00
R8 =0x0000000760be6f58 is an unknown value
R9 =0x00007ffdfbe64710 jvm.dll
R10=0x0 is NULL
R11=0x000002efc0725180 points into unknown readable memory: 0x00007ffdfbd00578 | 78 05 d0 fb fd 7f 00 00
R12=0x0 is NULL
R13=0x0000000000000010 is an unknown value
R14=0x00000000eafad000 points into unknown readable memory: 0x0000000000000065 | 65 00 00 00 00 00 00 00
R15=0x000002efc0725180 points into unknown readable memory: 0x00007ffdfbd00578 | 78 05 d0 fb fd 7f 00 00


Registers:
RAX=0x0000000000000001, RBX=0x0000000000000065, RCX=0x0000000000000003, RDX=0x00000000eafad000
RSP=0x000000f52e5ff5d8, RBP=0x000000f52e5ff658, RSI=0x00000000ec10b8c0, RDI=0x000002efc0725180
R8 =0x0000000760be6f58, R9 =0x00007ffdfbe64710, R10=0x0000000000000000, R11=0x000002efc0725180
R12=0x0000000000000000, R13=0x0000000000000010, R14=0x00000000eafad000, R15=0x000002efc0725180
RIP=0x00007ffdfb35c8f8, EFLAGS=0x0000000000010202

Top of Stack: (sp=0x000000f52e5ff5d8)
0x000000f52e5ff5d8:   00007ffdfba042e6 0000000000000001
0x000000f52e5ff5e8:   00000000ec143ec0 000000f52e5ff6a8
0x000000f52e5ff5f8:   0000000000000011 00007ffdfbcff770
0x000000f52e5ff608:   000002efac8cba50 000002efc0725180
0x000000f52e5ff618:   0000000000000245 00000000ec19df50
0x000000f52e5ff628:   0000000000001000 0000000000000001
0x000000f52e5ff638:   000002efafe5a090 0000000000000009
0x000000f52e5ff648:   0000000000001000 0000000000000010
0x000000f52e5ff658:   000000000000000c 0000000000000005
0x000000f52e5ff668:   0000000000000000 00000000ec10b8c0
0x000000f52e5ff678:   0000000000000065 0000000000000000
0x000000f52e5ff688:   00007ffdfba051e0 000002efc0725180
0x000000f52e5ff698:   0000000000000000 0000000000000065
0x000000f52e5ff6a8:   000000f52e6ff2b8 00000941000018bd
0x000000f52e5ff6b8:   0000000000000005 000000f52e6ff310
0x000000f52e5ff6c8:   000000f52e6ff2b8 0000000000000005 

Instructions: (pc=0x00007ffdfb35c8f8)
0x00007ffdfb35c7f8:   48 83 c4 20 5e c3 cc cc 48 8b 01 c3 cc cc cc cc
0x00007ffdfb35c808:   cc cc cc cc cc cc cc cc 4c 8b 01 4c 8b c9 48 8b
0x00007ffdfb35c818:   0d f3 e4 b4 00 ba 44 60 08 00 e9 59 f2 ff ff cc
0x00007ffdfb35c828:   cc cc cc cc cc cc cc cc 48 89 5c 24 08 57 48 83
0x00007ffdfb35c838:   ec 20 48 8b 39 48 8b d9 48 85 3d 71 c6 b9 00 75
0x00007ffdfb35c848:   0e 48 8b c7 48 8b 5c 24 30 48 83 c4 20 5f c3 48
0x00007ffdfb35c858:   8b cf e8 81 87 85 00 48 8b d0 48 85 c0 74 20 48
0x00007ffdfb35c868:   8b c7 f0 48 0f b1 13 74 16 48 85 05 40 c6 b9 00
0x00007ffdfb35c878:   74 0d 48 8b c8 f0 48 0f b1 13 48 3b c1 75 ea 48
0x00007ffdfb35c888:   8b 5c 24 30 48 8b c2 48 83 c4 20 5f c3 cc cc cc
0x00007ffdfb35c898:   cc cc cc cc cc cc cc cc 4c 8b 01 4c 8b c9 48 8b
0x00007ffdfb35c8a8:   0d 63 e4 b4 00 ba 64 60 08 00 e9 c9 f1 ff ff cc
0x00007ffdfb35c8b8:   cc cc cc cc cc cc cc cc 8b 05 32 2a af 00 c3 cc
0x00007ffdfb35c8c8:   cc cc cc cc cc cc cc cc 0f b6 05 b8 ec b5 00 48
0x00007ffdfb35c8d8:   8b d1 84 c0 74 16 44 8b 41 08 8b 0d 10 2a af 00
0x00007ffdfb35c8e8:   49 d3 e0 4c 03 05 fe 29 af 00 eb 04 4c 8b 41 08
0x00007ffdfb35c8f8:   45 8b 50 08 45 85 d2 7e 0e 41 f6 c2 01 75 53 41
0x00007ffdfb35c908:   c1 fa 03 41 8b c2 c3 79 49 84 c0 b9 10 00 00 00
0x00007ffdfb35c918:   8b 05 16 39 af 00 41 b8 0c 00 00 00 41 0f 45 c8
0x00007ffdfb35c928:   ff c8 4c 63 c8 48 63 14 11 41 8b ca 83 e1 3f 48
0x00007ffdfb35c938:   d3 e2 41 8b ca 48 c1 f9 10 0f b6 c1 49 8d 0c 11
0x00007ffdfb35c948:   49 f7 d1 48 03 c1 49 c1 e9 03 48 c1 e8 03 41 23
0x00007ffdfb35c958:   c1 c3 49 8b 00 49 8b c8 48 ff a0 00 01 00 00 cc
0x00007ffdfb35c968:   cc cc cc cc cc cc cc cc 8b 44 24 30 45 03 c9 44
0x00007ffdfb35c978:   2b 4c 24 28 83 c0 0b 44 03 ca 45 03 c8 41 03 c1
0x00007ffdfb35c988:   c3 cc cc cc cc cc cc cc 4c 8b ca 48 8b d1 45 8b
0x00007ffdfb35c998:   41 08 45 85 c0 7e 0e 41 f6 c0 01 75 56 41 c1 f8
0x00007ffdfb35c9a8:   03 41 8b c0 c3 79 4c 80 3d d9 eb b5 00 00 b8 0c
0x00007ffdfb35c9b8:   00 00 00 b9 10 00 00 00 0f 45 c8 8b 05 6b 38 af
0x00007ffdfb35c9c8:   00 ff c8 4c 63 c8 48 63 14 11 41 8b c8 83 e1 3f
0x00007ffdfb35c9d8:   48 d3 e2 41 8b c8 48 c1 f9 10 0f b6 c1 49 8d 0c
0x00007ffdfb35c9e8:   11 49 f7 d1 48 03 c1 49 c1 e9 03 48 c1 e8 03 41 


Stack slot to memory mapping:
stack at sp + 0 slots: 0x00007ffdfba042e6 jvm.dll
stack at sp + 1 slots: 0x0000000000000001 is an unknown value
stack at sp + 2 slots: 0x00000000ec143ec0 is an oop: java.util.HashMap$Node 
{0x00000000ec143ec0} - klass: 'java/util/HashMap$Node'
 - ---- fields (total size 4 words):
 - final 'hash' 'I' @12  -1952702503 (8b9c1fd9)
 - final 'key' 'Ljava/lang/Object;' @16  "/packages/java.awt.color/java.desktop"{0x00000000ec143ee0} (ec143ee0)
 - 'value' 'Ljava/lang/Object;' @20  a 'jdk/internal/jimage/ImageReader$LinkNode'{0x00000000ec143f30} (ec143f30)
 - 'next' 'Ljava/util/HashMap$Node;' @24  a 'java/util/HashMap$Node'{0x00000000ec143f50} (ec143f50)
stack at sp + 3 slots: 0x000000f52e5ff6a8 points into unknown readable memory: 0x000000f52e6ff2b8 | b8 f2 6f 2e f5 00 00 00
stack at sp + 4 slots: 0x0000000000000011 is an unknown value
stack at sp + 5 slots: 0x00007ffdfbcff770 jvm.dll
stack at sp + 6 slots: 0x000002efac8cba50 points into unknown readable memory: 0x00007ffdfbd012e0 | e0 12 d0 fb fd 7f 00 00
stack at sp + 7 slots: 0x000002efc0725180 points into unknown readable memory: 0x00007ffdfbd00578 | 78 05 d0 fb fd 7f 00 00


---------------  P R O C E S S  ---------------

Threads class SMR info:
_java_thread_list=0x000002efca7c4620, length=29, elements={
0x000002efac8bca70, 0x000002efc073e730, 0x000002efc073fd90, 0x000002efc0749080,
0x000002efc0749b40, 0x000002efc074d0f0, 0x000002efc59d8870, 0x000002efc074e870,
0x000002efc59dfd20, 0x000002efc59e0e00, 0x000002efc59d9210, 0x000002efc59d7a00,
0x000002efc6970c20, 0x000002efc59d7530, 0x000002efc59d96e0, 0x000002efc59d8d40,
0x000002efc59d83a0, 0x000002efc59d7ed0, 0x000002efc59daa20, 0x000002efc59da550,
0x000002efc59d7060, 0x000002efc7c39fb0, 0x000002efc7c36120, 0x000002efc7c38c70,
0x000002efc7c3a480, 0x000002efc7789720, 0x000002efc7c37460, 0x000002efc7c37930,
0x000002efc7c35780
}

Java Threads: ( => current thread )
  0x000002efac8bca70 JavaThread "main" [_thread_blocked, id=8204, stack(0x000000f52e400000,0x000000f52e500000)]
  0x000002efc073e730 JavaThread "Reference Handler" daemon [_thread_blocked, id=7008, stack(0x000000f52e700000,0x000000f52e800000)]
  0x000002efc073fd90 JavaThread "Finalizer" daemon [_thread_blocked, id=5368, stack(0x000000f52e800000,0x000000f52e900000)]
  0x000002efc0749080 JavaThread "Signal Dispatcher" daemon [_thread_blocked, id=9212, stack(0x000000f52e900000,0x000000f52ea00000)]
  0x000002efc0749b40 JavaThread "Attach Listener" daemon [_thread_blocked, id=3880, stack(0x000000f52ea00000,0x000000f52eb00000)]
  0x000002efc074d0f0 JavaThread "Service Thread" daemon [_thread_blocked, id=9684, stack(0x000000f52eb00000,0x000000f52ec00000)]
  0x000002efc59d8870 JavaThread "Monitor Deflation Thread" daemon [_thread_blocked, id=4108, stack(0x000000f52ec00000,0x000000f52ed00000)]
  0x000002efc074e870 JavaThread "C2 CompilerThread0" daemon [_thread_blocked, id=7432, stack(0x000000f52ed00000,0x000000f52ee00000)]
  0x000002efc59dfd20 JavaThread "C1 CompilerThread0" daemon [_thread_blocked, id=9184, stack(0x000000f52ee00000,0x000000f52ef00000)]
  0x000002efc59e0e00 JavaThread "Sweeper thread" daemon [_thread_blocked, id=10812, stack(0x000000f52ef00000,0x000000f52f000000)]
  0x000002efc59d9210 JavaThread "Common-Cleaner" daemon [_thread_blocked, id=11888, stack(0x000000f52f000000,0x000000f52f100000)]
  0x000002efc59d7a00 JavaThread "Notification Thread" daemon [_thread_blocked, id=12284, stack(0x000000f52f100000,0x000000f52f200000)]
  0x000002efc6970c20 JavaThread "C2 CompilerThread1" daemon [_thread_blocked, id=2060, stack(0x000000f52f300000,0x000000f52f400000)]
  0x000002efc59d7530 JavaThread "Active Thread: Equinox Container: b26573b1-ab92-4f95-bbe0-5ed1be581d81" [_thread_blocked, id=5428, stack(0x000000f52f400000,0x000000f52f500000)]
  0x000002efc59d96e0 JavaThread "Framework Event Dispatcher: Equinox Container: b26573b1-ab92-4f95-bbe0-5ed1be581d81" daemon [_thread_blocked, id=2904, stack(0x000000f52fb00000,0x000000f52fc00000)]
  0x000002efc59d8d40 JavaThread "Start Level: Equinox Container: b26573b1-ab92-4f95-bbe0-5ed1be581d81" daemon [_thread_blocked, id=9964, stack(0x000000f52fc00000,0x000000f52fd00000)]
  0x000002efc59d83a0 JavaThread "SCR Component Actor" daemon [_thread_blocked, id=2672, stack(0x000000f52fd00000,0x000000f52fe00000)]
  0x000002efc59d7ed0 JavaThread "SCR Component Registry" daemon [_thread_blocked, id=3736, stack(0x000000f52ff00000,0x000000f530000000)]
  0x000002efc59daa20 JavaThread "Worker-JM" [_thread_blocked, id=11600, stack(0x000000f530000000,0x000000f530100000)]
  0x000002efc59da550 JavaThread "Worker-0" [_thread_blocked, id=3268, stack(0x000000f530100000,0x000000f530200000)]
  0x000002efc59d7060 JavaThread "Worker-1" [_thread_blocked, id=12052, stack(0x000000f530200000,0x000000f530300000)]
  0x000002efc7c39fb0 JavaThread "Java indexing" daemon [_thread_blocked, id=688, stack(0x000000f530300000,0x000000f530400000)]
  0x000002efc7c36120 JavaThread "JNA Cleaner" daemon [_thread_blocked, id=12224, stack(0x000000f530400000,0x000000f530500000)]
  0x000002efc7c38c70 JavaThread "Worker-2: Initialize workspace" [_thread_blocked, id=7844, stack(0x000000f530700000,0x000000f530800000)]
  0x000002efc7c3a480 JavaThread "pool-2-thread-1" [_thread_blocked, id=7628, stack(0x000000f530800000,0x000000f530900000)]
  0x000002efc7789720 JavaThread "C2 CompilerThread2" daemon [_thread_blocked, id=2796, stack(0x000000f530900000,0x000000f530a00000)]
  0x000002efc7c37460 JavaThread "Worker-3" [_thread_blocked, id=10196, stack(0x000000f530a00000,0x000000f530b00000)]
  0x000002efc7c37930 JavaThread "pool-1-thread-1" [_thread_blocked, id=9772, stack(0x000000f530b00000,0x000000f530c00000)]
  0x000002efc7c35780 JavaThread "Worker-4" [_thread_blocked, id=10800, stack(0x000000f530c00000,0x000000f530d00000)]

Other Threads:
  0x000002efc59b1c30 VMThread "VM Thread" [stack: 0x000000f52e600000,0x000000f52e700000] [id=692]
  0x000002efc5cd6e10 WatcherThread [stack: 0x000000f52f200000,0x000000f52f300000] [id=10784]
=>0x000002efac8d2b30 GCTaskThread "GC Thread#0" [stack: 0x000000f52e500000,0x000000f52e600000] [id=9764]
  0x000002efc712ec80 GCTaskThread "GC Thread#1" [stack: 0x000000f52f500000,0x000000f52f600000] [id=9740]
  0x000002efc728fc40 GCTaskThread "GC Thread#2" [stack: 0x000000f52f600000,0x000000f52f700000] [id=12020]
  0x000002efc6ac8b50 GCTaskThread "GC Thread#3" [stack: 0x000000f52f700000,0x000000f52f800000] [id=8576]
  0x000002efc6e51690 GCTaskThread "GC Thread#4" [stack: 0x000000f52f800000,0x000000f52f900000] [id=2044]
  0x000002efc6e51940 GCTaskThread "GC Thread#5" [stack: 0x000000f52f900000,0x000000f52fa00000] [id=5684]
  0x000002efc6e51bf0 GCTaskThread "GC Thread#6" [stack: 0x000000f52fa00000,0x000000f52fb00000] [id=3444]
  0x000002efaa8becf0 GCTaskThread "GC Thread#7" [stack: 0x000000f52fe00000,0x000000f52ff00000] [id=9120]

Threads with active compile tasks:
C2 CompilerThread1     7715 4874       4       org.objectweb.asm.MethodWriter::putMethodInfo (1274 bytes)
C2 CompilerThread2     7715 4858       4       java.util.Properties::loadConvert (540 bytes)

VM state: at safepoint (normal execution)

VM Mutex/Monitor currently owned by a thread:  ([mutex/lock_event])
[0x000002efac8b9250] Threads_lock - owner thread: 0x000002efc59b1c30
[0x000002efac8b8cb0] Heap_lock - owner thread: 0x000002efc7c37930

Heap address: 0x00000000c0000000, size: 1024 MB, Compressed Oops mode: 32-bit

CDS archive(s) not mapped
Compressed class space mapped at: 0x0000000100000000-0x0000000140000000, reserved size: 1073741824
Narrow klass base: 0x0000000000000000, Narrow klass shift: 3, Narrow klass range: 0x140000000

GC Precious Log:
 CPUs: 8 total, 8 available
 Memory: 8043M
 Large Page Support: Disabled
 NUMA Support: Disabled
 Compressed Oops: Enabled (32-bit)
 Alignments: Space 512K, Generation 512K, Heap 2M
 Heap Min Capacity: 100M
 Heap Initial Capacity: 100M
 Heap Max Capacity: 1G
 Pre-touch: Disabled
 Parallel Workers: 8

Heap:
 PSYoungGen      total 22528K, used 22511K [0x00000000eab00000, 0x00000000ec780000, 0x0000000100000000)
  eden space 22016K, 100% used [0x00000000eab00000,0x00000000ec080000,0x00000000ec080000)
  from space 512K, 96% used [0x00000000ec580000,0x00000000ec5fbe48,0x00000000ec600000)
  to   space 3584K, 41% used [0x00000000ec080000,0x00000000ec1f5f50,0x00000000ec400000)
 ParOldGen       total 68608K, used 17425K [0x00000000c0000000, 0x00000000c4300000, 0x00000000eab00000)
  object space 68608K, 25% used [0x00000000c0000000,0x00000000c1104578,0x00000000c4300000)
 Metaspace       used 49262K, committed 50112K, reserved 1114112K
  class space    used 5406K, committed 5760K, reserved 1048576K

Card table byte_map: [0x000002efac2a0000,0x000002efac4b0000] _byte_map_base: 0x000002efabca0000

Marking Bits: (ParMarkBitMap*) 0x00007ffdfbed52c0
 Begin Bits: [0x000002efbe550000, 0x000002efbf550000)
 End Bits:   [0x000002efbf550000, 0x000002efc0550000)

Polling page: 0x000002efac090000

Metaspace:

Usage:
  Non-class:     42.83 MB used.
      Class:      5.28 MB used.
       Both:     48.11 MB used.

Virtual space:
  Non-class space:       64.00 MB reserved,      43.31 MB ( 68%) committed,  1 nodes.
      Class space:        1.00 GB reserved,       5.62 MB ( <1%) committed,  1 nodes.
             Both:        1.06 GB reserved,      48.94 MB (  4%) committed. 

Chunk freelists:
   Non-Class:  4.28 MB
       Class:  10.27 MB
        Both:  14.55 MB

MaxMetaspaceSize: unlimited
CompressedClassSpaceSize: 1.00 GB
Initial GC threshold: 21.00 MB
Current GC threshold: 59.31 MB
CDS: off
MetaspaceReclaimPolicy: balanced
 - commit_granule_bytes: 65536.
 - commit_granule_words: 8192.
 - virtual_space_node_default_size: 8388608.
 - enlarge_chunks_in_place: 1.
 - new_chunks_are_fully_committed: 0.
 - uncommit_free_chunks: 1.
 - use_allocation_guard: 0.
 - handle_deallocations: 1.


Internal statistics:

num_allocs_failed_limit: 10.
num_arena_births: 374.
num_arena_deaths: 14.
num_vsnodes_births: 2.
num_vsnodes_deaths: 0.
num_space_committed: 783.
num_space_uncommitted: 0.
num_chunks_returned_to_freelist: 24.
num_chunks_taken_from_freelist: 2161.
num_chunk_merges: 7.
num_chunk_splits: 1391.
num_chunks_enlarged: 880.
num_inconsistent_stats: 0.

CodeHeap 'non-profiled nmethods': size=120000Kb used=2618Kb max_used=2618Kb free=117382Kb
 bounds [0x000002efb7020000, 0x000002efb72b0000, 0x000002efbe550000]
CodeHeap 'profiled nmethods': size=120000Kb used=9934Kb max_used=9934Kb free=110065Kb
 bounds [0x000002efaf550000, 0x000002efaff10000, 0x000002efb6a80000]
CodeHeap 'non-nmethods': size=5760Kb used=1309Kb max_used=1367Kb free=4450Kb
 bounds [0x000002efb6a80000, 0x000002efb6cf0000, 0x000002efb7020000]
 total_blobs=5494 nmethods=4886 adapters=520
 compilation: enabled
              stopped_count=0, restarted_count=0
 full_count=0

Compilation events (20 events):
Event: 7.577 Thread 0x000002efc59dfd20 4881       1       lombok.patcher.scripts.ReplaceMethodCallScript::access$0 (5 bytes)
Event: 7.577 Thread 0x000002efc59dfd20 nmethod 4881 0x000002efb72ad590 code [0x000002efb72ad720, 0x000002efb72ad7d8]
Event: 7.577 Thread 0x000002efc59dfd20 4883       3       lombok.patcher.Hook::getClassSpec (8 bytes)
Event: 7.577 Thread 0x000002efc59dfd20 nmethod 4883 0x000002efafeffa90 code [0x000002efafeffc20, 0x000002efafeffd68]
Event: 7.578 Thread 0x000002efc074e870 4884       4       java.util.ArrayList::grow (60 bytes)
Event: 7.583 Thread 0x000002efc59dfd20 4885       3       lombok.patcher.scripts.ReplaceMethodCallScript$ReplaceMethodCall::visitMethodInsn (250 bytes)
Event: 7.584 Thread 0x000002efc074e870 nmethod 4884 0x000002efb72ad890 code [0x000002efb72ada20, 0x000002efb72adef8]
Event: 7.586 Thread 0x000002efc59dfd20 nmethod 4885 0x000002efafeffe10 code [0x000002efaff001a0, 0x000002efaff01738]
Event: 7.586 Thread 0x000002efc59dfd20 4886       3       org.objectweb.asm.MethodVisitor::visitFrame (22 bytes)
Event: 7.586 Thread 0x000002efc074e870 4887       4       org.objectweb.asm.ClassReader::readShort (27 bytes)
Event: 7.586 Thread 0x000002efc59dfd20 nmethod 4886 0x000002efaff02090 code [0x000002efaff02240, 0x000002efaff02448]
Event: 7.587 Thread 0x000002efc074e870 nmethod 4887 0x000002efb72ae090 code [0x000002efb72ae200, 0x000002efb72ae2f8]
Event: 7.589 Thread 0x000002efc59dfd20 4888       3       org.objectweb.asm.MethodVisitor::visitLocalVariable (24 bytes)
Event: 7.589 Thread 0x000002efc59dfd20 nmethod 4888 0x000002efaff02510 code [0x000002efaff026c0, 0x000002efaff028c8]
Event: 7.590 Thread 0x000002efc074e870 4889       4       org.objectweb.asm.ByteVector::putByte (39 bytes)
Event: 7.590 Thread 0x000002efc59dfd20 4890       3       org.objectweb.asm.MethodWriter::visitTypeInsn (116 bytes)
Event: 7.591 Thread 0x000002efc59dfd20 nmethod 4890 0x000002efaff02990 code [0x000002efaff02b80, 0x000002efaff03008]
Event: 7.591 Thread 0x000002efc59dfd20 4891       3       org.objectweb.asm.MethodWriter::endCurrentBasicBlockWithNoSuccessor (94 bytes)
Event: 7.592 Thread 0x000002efc074e870 nmethod 4889 0x000002efb72ae410 code [0x000002efb72ae5a0, 0x000002efb72ae6e8]
Event: 7.592 Thread 0x000002efc59dfd20 nmethod 4891 0x000002efaff03210 code [0x000002efaff033e0, 0x000002efaff03878]

GC Heap History (20 events):
Event: 3.027 GC heap after
{Heap after GC invocations=7 (full 1):
 PSYoungGen      total 28672K, used 3136K [0x00000000eab00000, 0x00000000ecc00000, 0x0000000100000000)
  eden space 25088K, 0% used [0x00000000eab00000,0x00000000eab00000,0x00000000ec380000)
  from space 3584K, 87% used [0x00000000ec880000,0x00000000ecb903f0,0x00000000ecc00000)
  to   space 3584K, 0% used [0x00000000ec500000,0x00000000ec500000,0x00000000ec880000)
 ParOldGen       total 68608K, used 7921K [0x00000000c0000000, 0x00000000c4300000, 0x00000000eab00000)
  object space 68608K, 11% used [0x00000000c0000000,0x00000000c07bc408,0x00000000c4300000)
 Metaspace       used 24626K, committed 25216K, reserved 1114112K
  class space    used 2544K, committed 2816K, reserved 1048576K
}
Event: 3.221 GC heap before
{Heap before GC invocations=8 (full 1):
 PSYoungGen      total 28672K, used 28222K [0x00000000eab00000, 0x00000000ecc00000, 0x0000000100000000)
  eden space 25088K, 99% used [0x00000000eab00000,0x00000000ec37f698,0x00000000ec380000)
  from space 3584K, 87% used [0x00000000ec880000,0x00000000ecb903f0,0x00000000ecc00000)
  to   space 3584K, 0% used [0x00000000ec500000,0x00000000ec500000,0x00000000ec880000)
 ParOldGen       total 68608K, used 7921K [0x00000000c0000000, 0x00000000c4300000, 0x00000000eab00000)
  object space 68608K, 11% used [0x00000000c0000000,0x00000000c07bc408,0x00000000c4300000)
 Metaspace       used 27836K, committed 28480K, reserved 1114112K
  class space    used 2779K, committed 3072K, reserved 1048576K
}
Event: 3.223 GC heap after
{Heap after GC invocations=8 (full 1):
 PSYoungGen      total 28160K, used 3564K [0x00000000eab00000, 0x00000000ecb00000, 0x0000000100000000)
  eden space 24576K, 0% used [0x00000000eab00000,0x00000000eab00000,0x00000000ec300000)
  from space 3584K, 99% used [0x00000000ec500000,0x00000000ec87b200,0x00000000ec880000)
  to   space 2560K, 0% used [0x00000000ec880000,0x00000000ec880000,0x00000000ecb00000)
 ParOldGen       total 68608K, used 8289K [0x00000000c0000000, 0x00000000c4300000, 0x00000000eab00000)
  object space 68608K, 12% used [0x00000000c0000000,0x00000000c0818408,0x00000000c4300000)
 Metaspace       used 27836K, committed 28480K, reserved 1114112K
  class space    used 2779K, committed 3072K, reserved 1048576K
}
Event: 3.570 GC heap before
{Heap before GC invocations=9 (full 1):
 PSYoungGen      total 28160K, used 28140K [0x00000000eab00000, 0x00000000ecb00000, 0x0000000100000000)
  eden space 24576K, 100% used [0x00000000eab00000,0x00000000ec300000,0x00000000ec300000)
  from space 3584K, 99% used [0x00000000ec500000,0x00000000ec87b200,0x00000000ec880000)
  to   space 2560K, 0% used [0x00000000ec880000,0x00000000ec880000,0x00000000ecb00000)
 ParOldGen       total 68608K, used 8289K [0x00000000c0000000, 0x00000000c4300000, 0x00000000eab00000)
  object space 68608K, 12% used [0x00000000c0000000,0x00000000c0818408,0x00000000c4300000)
 Metaspace       used 31275K, committed 31936K, reserved 1114112K
  class space    used 3097K, committed 3392K, reserved 1048576K
}
Event: 3.573 GC heap after
{Heap after GC invocations=9 (full 1):
 PSYoungGen      total 26624K, used 2557K [0x00000000eab00000, 0x00000000ecb80000, 0x0000000100000000)
  eden space 24064K, 0% used [0x00000000eab00000,0x00000000eab00000,0x00000000ec280000)
  from space 2560K, 99% used [0x00000000ec880000,0x00000000ecaff628,0x00000000ecb00000)
  to   space 4608K, 0% used [0x00000000ec280000,0x00000000ec280000,0x00000000ec700000)
 ParOldGen       total 68608K, used 9991K [0x00000000c0000000, 0x00000000c4300000, 0x00000000eab00000)
  object space 68608K, 14% used [0x00000000c0000000,0x00000000c09c1fb0,0x00000000c4300000)
 Metaspace       used 31275K, committed 31936K, reserved 1114112K
  class space    used 3097K, committed 3392K, reserved 1048576K
}
Event: 4.103 GC heap before
{Heap before GC invocations=10 (full 1):
 PSYoungGen      total 26624K, used 26621K [0x00000000eab00000, 0x00000000ecb80000, 0x0000000100000000)
  eden space 24064K, 100% used [0x00000000eab00000,0x00000000ec280000,0x00000000ec280000)
  from space 2560K, 99% used [0x00000000ec880000,0x00000000ecaff628,0x00000000ecb00000)
  to   space 4608K, 0% used [0x00000000ec280000,0x00000000ec280000,0x00000000ec700000)
 ParOldGen       total 68608K, used 9991K [0x00000000c0000000, 0x00000000c4300000, 0x00000000eab00000)
  object space 68608K, 14% used [0x00000000c0000000,0x00000000c09c1fb0,0x00000000c4300000)
 Metaspace       used 35151K, committed 35904K, reserved 1114112K
  class space    used 3569K, committed 3904K, reserved 1048576K
}
Event: 4.106 GC heap after
{Heap after GC invocations=10 (full 1):
 PSYoungGen      total 26112K, used 2348K [0x00000000eab00000, 0x00000000ec900000, 0x0000000100000000)
  eden space 23552K, 0% used [0x00000000eab00000,0x00000000eab00000,0x00000000ec200000)
  from space 2560K, 91% used [0x00000000ec280000,0x00000000ec4cb0e8,0x00000000ec500000)
  to   space 3072K, 0% used [0x00000000ec600000,0x00000000ec600000,0x00000000ec900000)
 ParOldGen       total 68608K, used 11730K [0x00000000c0000000, 0x00000000c4300000, 0x00000000eab00000)
  object space 68608K, 17% used [0x00000000c0000000,0x00000000c0b748f0,0x00000000c4300000)
 Metaspace       used 35151K, committed 35904K, reserved 1114112K
  class space    used 3569K, committed 3904K, reserved 1048576K
}
Event: 4.158 GC heap before
{Heap before GC invocations=11 (full 1):
 PSYoungGen      total 26112K, used 6519K [0x00000000eab00000, 0x00000000ec900000, 0x0000000100000000)
  eden space 23552K, 17% used [0x00000000eab00000,0x00000000eaf12b68,0x00000000ec200000)
  from space 2560K, 91% used [0x00000000ec280000,0x00000000ec4cb0e8,0x00000000ec500000)
  to   space 3072K, 0% used [0x00000000ec600000,0x00000000ec600000,0x00000000ec900000)
 ParOldGen       total 68608K, used 11730K [0x00000000c0000000, 0x00000000c4300000, 0x00000000eab00000)
  object space 68608K, 17% used [0x00000000c0000000,0x00000000c0b748f0,0x00000000c4300000)
 Metaspace       used 35730K, committed 36416K, reserved 1114112K
  class space    used 3646K, committed 3968K, reserved 1048576K
}
Event: 4.160 GC heap after
{Heap after GC invocations=11 (full 1):
 PSYoungGen      total 25600K, used 1593K [0x00000000eab00000, 0x00000000ec800000, 0x0000000100000000)
  eden space 23552K, 0% used [0x00000000eab00000,0x00000000eab00000,0x00000000ec200000)
  from space 2048K, 77% used [0x00000000ec600000,0x00000000ec78e440,0x00000000ec800000)
  to   space 2048K, 0% used [0x00000000ec400000,0x00000000ec400000,0x00000000ec600000)
 ParOldGen       total 68608K, used 12604K [0x00000000c0000000, 0x00000000c4300000, 0x00000000eab00000)
  object space 68608K, 18% used [0x00000000c0000000,0x00000000c0c4f118,0x00000000c4300000)
 Metaspace       used 35730K, committed 36416K, reserved 1114112K
  class space    used 3646K, committed 3968K, reserved 1048576K
}
Event: 4.160 GC heap before
{Heap before GC invocations=12 (full 2):
 PSYoungGen      total 25600K, used 1593K [0x00000000eab00000, 0x00000000ec800000, 0x0000000100000000)
  eden space 23552K, 0% used [0x00000000eab00000,0x00000000eab00000,0x00000000ec200000)
  from space 2048K, 77% used [0x00000000ec600000,0x00000000ec78e440,0x00000000ec800000)
  to   space 2048K, 0% used [0x00000000ec400000,0x00000000ec400000,0x00000000ec600000)
 ParOldGen       total 68608K, used 12604K [0x00000000c0000000, 0x00000000c4300000, 0x00000000eab00000)
  object space 68608K, 18% used [0x00000000c0000000,0x00000000c0c4f118,0x00000000c4300000)
 Metaspace       used 35730K, committed 36416K, reserved 1114112K
  class space    used 3646K, committed 3968K, reserved 1048576K
}
Event: 4.184 GC heap after
{Heap after GC invocations=12 (full 2):
 PSYoungGen      total 25600K, used 0K [0x00000000eab00000, 0x00000000ec800000, 0x0000000100000000)
  eden space 23552K, 0% used [0x00000000eab00000,0x00000000eab00000,0x00000000ec200000)
  from space 2048K, 0% used [0x00000000ec600000,0x00000000ec600000,0x00000000ec800000)
  to   space 2048K, 0% used [0x00000000ec400000,0x00000000ec400000,0x00000000ec600000)
 ParOldGen       total 68608K, used 12458K [0x00000000c0000000, 0x00000000c4300000, 0x00000000eab00000)
  object space 68608K, 18% used [0x00000000c0000000,0x00000000c0c2a9a8,0x00000000c4300000)
 Metaspace       used 35730K, committed 36416K, reserved 1114112K
  class space    used 3646K, committed 3968K, reserved 1048576K
}
Event: 4.611 GC heap before
{Heap before GC invocations=13 (full 2):
 PSYoungGen      total 25600K, used 23552K [0x00000000eab00000, 0x00000000ec800000, 0x0000000100000000)
  eden space 23552K, 100% used [0x00000000eab00000,0x00000000ec200000,0x00000000ec200000)
  from space 2048K, 0% used [0x00000000ec600000,0x00000000ec600000,0x00000000ec800000)
  to   space 2048K, 0% used [0x00000000ec400000,0x00000000ec400000,0x00000000ec600000)
 ParOldGen       total 68608K, used 12458K [0x00000000c0000000, 0x00000000c4300000, 0x00000000eab00000)
  object space 68608K, 18% used [0x00000000c0000000,0x00000000c0c2a9a8,0x00000000c4300000)
 Metaspace       used 38573K, committed 39360K, reserved 1114112K
  class space    used 4041K, committed 4416K, reserved 1048576K
}
Event: 4.613 GC heap after
{Heap after GC invocations=13 (full 2):
 PSYoungGen      total 24576K, used 1197K [0x00000000eab00000, 0x00000000ec680000, 0x0000000100000000)
  eden space 23040K, 0% used [0x00000000eab00000,0x00000000eab00000,0x00000000ec180000)
  from space 1536K, 77% used [0x00000000ec400000,0x00000000ec52b528,0x00000000ec580000)
  to   space 1024K, 0% used [0x00000000ec580000,0x00000000ec580000,0x00000000ec680000)
 ParOldGen       total 68608K, used 12466K [0x00000000c0000000, 0x00000000c4300000, 0x00000000eab00000)
  object space 68608K, 18% used [0x00000000c0000000,0x00000000c0c2c9a8,0x00000000c4300000)
 Metaspace       used 38573K, committed 39360K, reserved 1114112K
  class space    used 4041K, committed 4416K, reserved 1048576K
}
Event: 5.263 GC heap before
{Heap before GC invocations=14 (full 2):
 PSYoungGen      total 24576K, used 24237K [0x00000000eab00000, 0x00000000ec680000, 0x0000000100000000)
  eden space 23040K, 100% used [0x00000000eab00000,0x00000000ec180000,0x00000000ec180000)
  from space 1536K, 77% used [0x00000000ec400000,0x00000000ec52b528,0x00000000ec580000)
  to   space 1024K, 0% used [0x00000000ec580000,0x00000000ec580000,0x00000000ec680000)
 ParOldGen       total 68608K, used 12466K [0x00000000c0000000, 0x00000000c4300000, 0x00000000eab00000)
  object space 68608K, 18% used [0x00000000c0000000,0x00000000c0c2c9a8,0x00000000c4300000)
 Metaspace       used 40805K, committed 41600K, reserved 1114112K
  class space    used 4339K, committed 4672K, reserved 1048576K
}
Event: 5.266 GC heap after
{Heap after GC invocations=14 (full 2):
 PSYoungGen      total 23552K, used 800K [0x00000000eab00000, 0x00000000ec680000, 0x0000000100000000)
  eden space 22528K, 0% used [0x00000000eab00000,0x00000000eab00000,0x00000000ec100000)
  from space 1024K, 78% used [0x00000000ec580000,0x00000000ec648000,0x00000000ec680000)
  to   space 1024K, 0% used [0x00000000ec480000,0x00000000ec480000,0x00000000ec580000)
 ParOldGen       total 68608K, used 13398K [0x00000000c0000000, 0x00000000c4300000, 0x00000000eab00000)
  object space 68608K, 19% used [0x00000000c0000000,0x00000000c0d15ba8,0x00000000c4300000)
 Metaspace       used 40805K, committed 41600K, reserved 1114112K
  class space    used 4339K, committed 4672K, reserved 1048576K
}
Event: 6.189 GC heap before
{Heap before GC invocations=15 (full 2):
 PSYoungGen      total 23552K, used 23328K [0x00000000eab00000, 0x00000000ec680000, 0x0000000100000000)
  eden space 22528K, 100% used [0x00000000eab00000,0x00000000ec100000,0x00000000ec100000)
  from space 1024K, 78% used [0x00000000ec580000,0x00000000ec648000,0x00000000ec680000)
  to   space 1024K, 0% used [0x00000000ec480000,0x00000000ec480000,0x00000000ec580000)
 ParOldGen       total 68608K, used 13398K [0x00000000c0000000, 0x00000000c4300000, 0x00000000eab00000)
  object space 68608K, 19% used [0x00000000c0000000,0x00000000c0d15ba8,0x00000000c4300000)
 Metaspace       used 43766K, committed 44544K, reserved 1114112K
  class space    used 4728K, committed 5056K, reserved 1048576K
}
Event: 6.192 GC heap after
{Heap after GC invocations=15 (full 2):
 PSYoungGen      total 23040K, used 1024K [0x00000000eab00000, 0x00000000ec600000, 0x0000000100000000)
  eden space 22016K, 0% used [0x00000000eab00000,0x00000000eab00000,0x00000000ec080000)
  from space 1024K, 100% used [0x00000000ec480000,0x00000000ec580000,0x00000000ec580000)
  to   space 512K, 0% used [0x00000000ec580000,0x00000000ec580000,0x00000000ec600000)
 ParOldGen       total 68608K, used 14342K [0x00000000c0000000, 0x00000000c4300000, 0x00000000eab00000)
  object space 68608K, 20% used [0x00000000c0000000,0x00000000c0e01ba8,0x00000000c4300000)
 Metaspace       used 43766K, committed 44544K, reserved 1114112K
  class space    used 4728K, committed 5056K, reserved 1048576K
}
Event: 6.644 GC heap before
{Heap before GC invocations=16 (full 2):
 PSYoungGen      total 23040K, used 23040K [0x00000000eab00000, 0x00000000ec600000, 0x0000000100000000)
  eden space 22016K, 100% used [0x00000000eab00000,0x00000000ec080000,0x00000000ec080000)
  from space 1024K, 100% used [0x00000000ec480000,0x00000000ec580000,0x00000000ec580000)
  to   space 512K, 0% used [0x00000000ec580000,0x00000000ec580000,0x00000000ec600000)
 ParOldGen       total 68608K, used 14342K [0x00000000c0000000, 0x00000000c4300000, 0x00000000eab00000)
  object space 68608K, 20% used [0x00000000c0000000,0x00000000c0e01ba8,0x00000000c4300000)
 Metaspace       used 46507K, committed 47296K, reserved 1114112K
  class space    used 5088K, committed 5440K, reserved 1048576K
}
Event: 6.649 GC heap after
{Heap after GC invocations=16 (full 2):
 PSYoungGen      total 22528K, used 495K [0x00000000eab00000, 0x00000000ec780000, 0x0000000100000000)
  eden space 22016K, 0% used [0x00000000eab00000,0x00000000eab00000,0x00000000ec080000)
  from space 512K, 96% used [0x00000000ec580000,0x00000000ec5fbe48,0x00000000ec600000)
  to   space 3584K, 0% used [0x00000000ec080000,0x00000000ec080000,0x00000000ec400000)
 ParOldGen       total 68608K, used 16897K [0x00000000c0000000, 0x00000000c4300000, 0x00000000eab00000)
  object space 68608K, 24% used [0x00000000c0000000,0x00000000c1080730,0x00000000c4300000)
 Metaspace       used 46507K, committed 47296K, reserved 1114112K
  class space    used 5088K, committed 5440K, reserved 1048576K
}
Event: 7.619 GC heap before
{Heap before GC invocations=17 (full 2):
 PSYoungGen      total 22528K, used 22511K [0x00000000eab00000, 0x00000000ec780000, 0x0000000100000000)
  eden space 22016K, 100% used [0x00000000eab00000,0x00000000ec080000,0x00000000ec080000)
  from space 512K, 96% used [0x00000000ec580000,0x00000000ec5fbe48,0x00000000ec600000)
  to   space 3584K, 0% used [0x00000000ec080000,0x00000000ec080000,0x00000000ec400000)
 ParOldGen       total 68608K, used 16897K [0x00000000c0000000, 0x00000000c4300000, 0x00000000eab00000)
  object space 68608K, 24% used [0x00000000c0000000,0x00000000c1080730,0x00000000c4300000)
 Metaspace       used 49262K, committed 50112K, reserved 1114112K
  class space    used 5406K, committed 5760K, reserved 1048576K
}

Dll operation events (10 events):
Event: 0.009 Loaded shared library c:\Users\TK\.vscode\extensions\redhat.java-1.18.0-win32-x64\jre\17.0.7-win32-x86_64\bin\java.dll
Event: 0.255 Loaded shared library c:\Users\TK\.vscode\extensions\redhat.java-1.18.0-win32-x64\jre\17.0.7-win32-x86_64\bin\zip.dll
Event: 0.259 Loaded shared library C:\Users\TK\.vscode\extensions\redhat.java-1.18.0-win32-x64\jre\17.0.7-win32-x86_64\bin\instrument.dll
Event: 0.281 Loaded shared library C:\Users\TK\.vscode\extensions\redhat.java-1.18.0-win32-x64\jre\17.0.7-win32-x86_64\bin\net.dll
Event: 0.284 Loaded shared library C:\Users\TK\.vscode\extensions\redhat.java-1.18.0-win32-x64\jre\17.0.7-win32-x86_64\bin\nio.dll
Event: 0.298 Loaded shared library C:\Users\TK\.vscode\extensions\redhat.java-1.18.0-win32-x64\jre\17.0.7-win32-x86_64\bin\zip.dll
Event: 0.321 Loaded shared library C:\Users\TK\.vscode\extensions\redhat.java-1.18.0-win32-x64\jre\17.0.7-win32-x86_64\bin\jimage.dll
Event: 0.401 Loaded shared library c:\Users\TK\.vscode\extensions\redhat.java-1.18.0-win32-x64\jre\17.0.7-win32-x86_64\bin\verify.dll
Event: 1.701 Loaded shared library C:\Users\TK\AppData\Roaming\Code\User\globalStorage\redhat.java\1.18.0\config_win\org.eclipse.equinox.launcher\org.eclipse.equinox.launcher.win32.win32.x86_64_1.2.700.v20221108-1024\eclipse_11801.dll
Event: 3.781 Loaded shared library C:\Users\TK\AppData\Local\Temp\jna-2679\jna3033034229491470998.dll

Deoptimization events (20 events):
Event: 6.556 Thread 0x000002efc7c37930 DEOPT PACKING pc=0x000002efb70503ec sp=0x000000f530bfe200
Event: 6.556 Thread 0x000002efc7c37930 DEOPT UNPACKING pc=0x000002efb6ad66a3 sp=0x000000f530bfe070 mode 2
Event: 6.690 Thread 0x000002efc7c37460 Uncommon trap: trap_request=0xffffffde fr.pc=0x000002efb724aab0 relative=0x0000000000000650
Event: 6.690 Thread 0x000002efc7c37460 Uncommon trap: reason=class_check action=maybe_recompile pc=0x000002efb724aab0 method=java.util.HashMap.removeNode(ILjava/lang/Object;Ljava/lang/Object;ZZ)Ljava/util/HashMap$Node; @ 68 c2
Event: 6.690 Thread 0x000002efc7c37460 DEOPT PACKING pc=0x000002efb724aab0 sp=0x000000f530afe5d0
Event: 6.690 Thread 0x000002efc7c37460 DEOPT UNPACKING pc=0x000002efb6ad66a3 sp=0x000000f530afe4d8 mode 2
Event: 7.232 Thread 0x000002efc59da550 Uncommon trap: trap_request=0xffffff45 fr.pc=0x000002efb7235140 relative=0x0000000000000300
Event: 7.232 Thread 0x000002efc59da550 Uncommon trap: reason=unstable_if action=reinterpret pc=0x000002efb7235140 method=java.lang.ThreadLocal$ThreadLocalMap.set(Ljava/lang/ThreadLocal;Ljava/lang/Object;)V @ 116 c2
Event: 7.233 Thread 0x000002efc59da550 DEOPT PACKING pc=0x000002efb7235140 sp=0x000000f5301fe020
Event: 7.234 Thread 0x000002efc59da550 DEOPT UNPACKING pc=0x000002efb6ad66a3 sp=0x000000f5301fdfc0 mode 2
Event: 7.255 Thread 0x000002efc59da550 Uncommon trap: trap_request=0xffffffde fr.pc=0x000002efb724aab0 relative=0x0000000000000650
Event: 7.255 Thread 0x000002efc59da550 Uncommon trap: reason=class_check action=maybe_recompile pc=0x000002efb724aab0 method=java.util.HashMap.removeNode(ILjava/lang/Object;Ljava/lang/Object;ZZ)Ljava/util/HashMap$Node; @ 68 c2
Event: 7.255 Thread 0x000002efc59da550 DEOPT PACKING pc=0x000002efb724aab0 sp=0x000000f5301fe630
Event: 7.255 Thread 0x000002efc59da550 DEOPT UNPACKING pc=0x000002efb6ad66a3 sp=0x000000f5301fe538 mode 2
Event: 7.256 Thread 0x000002efc7c37930 DEOPT PACKING pc=0x000002efaf873988 sp=0x000000f530bfdd30
Event: 7.257 Thread 0x000002efc7c37930 DEOPT UNPACKING pc=0x000002efb6ad6e43 sp=0x000000f530bfd238 mode 0
Event: 7.302 Thread 0x000002efc7c38c70 DEOPT PACKING pc=0x000002efafcd7dbf sp=0x000000f5307f4070
Event: 7.302 Thread 0x000002efc7c38c70 DEOPT UNPACKING pc=0x000002efb6ad6e43 sp=0x000000f5307f3578 mode 0
Event: 7.427 Thread 0x000002efc7c37930 DEOPT PACKING pc=0x000002efaf873988 sp=0x000000f530bfd4c0
Event: 7.427 Thread 0x000002efc7c37930 DEOPT UNPACKING pc=0x000002efb6ad6e43 sp=0x000000f530bfc9c8 mode 0

Classes unloaded (7 events):
Event: 2.605 Thread 0x000002efc59b1c30 Unloading class 0x0000000100216400 'java/lang/invoke/LambdaForm$MH+0x0000000100216400'
Event: 2.605 Thread 0x000002efc59b1c30 Unloading class 0x0000000100216000 'java/lang/invoke/LambdaForm$MH+0x0000000100216000'
Event: 2.605 Thread 0x000002efc59b1c30 Unloading class 0x0000000100215c00 'java/lang/invoke/LambdaForm$MH+0x0000000100215c00'
Event: 2.605 Thread 0x000002efc59b1c30 Unloading class 0x0000000100215800 'java/lang/invoke/LambdaForm$MH+0x0000000100215800'
Event: 2.605 Thread 0x000002efc59b1c30 Unloading class 0x0000000100215000 'java/lang/invoke/LambdaForm$BMH+0x0000000100215000'
Event: 2.605 Thread 0x000002efc59b1c30 Unloading class 0x0000000100214c00 'java/lang/invoke/LambdaForm$DMH+0x0000000100214c00'
Event: 2.605 Thread 0x000002efc59b1c30 Unloading class 0x0000000100212000 'java/lang/invoke/LambdaForm$DMH+0x0000000100212000'

Classes redefined (0 events):
No events

Internal exceptions (20 events):
Event: 5.813 Thread 0x000002efc59d7060 Implicit null exception at 0x000002efb70ec0af to 0x000002efb70ec20c
Event: 5.813 Thread 0x000002efc59d7060 Implicit null exception at 0x000002efb70a5f69 to 0x000002efb70a7384
Event: 5.816 Thread 0x000002efc59d7060 Exception <a 'java/lang/NoSuchMethodError'{0x00000000eb99ac38}: 'java.lang.Object java.lang.invoke.Invokers$Holder.invokeExact_MT(java.lang.Object, int, java.lang.Object)'> (0x00000000eb99ac38) 
thrown [s\src\hotspot\share\interpreter\linkResolver.cpp, line 759]
Event: 5.829 Thread 0x000002efc59d7060 Exception <a 'java/lang/NoSuchMethodError'{0x00000000eba0ae68}: 'int java.lang.invoke.DirectMethodHandle$Holder.invokeSpecial(java.lang.Object, java.lang.Object, java.lang.Object, java.lang.Object)'> (0x00000000eba0ae68) 
thrown [s\src\hotspot\share\interpreter\linkResolver.cpp, line 759]
Event: 6.286 Thread 0x000002efc59d7060 Exception <a 'java/lang/NoClassDefFoundError'{0x00000000eae79c98}: com/google/inject/servlet/ServletModuleTargetVisitor> (0x00000000eae79c98) 
thrown [s\src\hotspot\share\classfile\systemDictionary.cpp, line 245]
Event: 6.636 Thread 0x000002efc7c37460 Exception <a 'java/lang/NoSuchMethodError'{0x00000000ebffdcc0}: 'int java.lang.invoke.DirectMethodHandle$Holder.invokeInterface(java.lang.Object, java.lang.Object)'> (0x00000000ebffdcc0) 
thrown [s\src\hotspot\share\interpreter\linkResolver.cpp, line 759]
Event: 6.637 Thread 0x000002efc7c37460 Exception <a 'java/lang/IncompatibleClassChangeError'{0x00000000ec000fa8}: Found class java.lang.Object, but interface was expected> (0x00000000ec000fa8) 
thrown [s\src\hotspot\share\interpreter\linkResolver.cpp, line 826]
Event: 6.757 Thread 0x000002efc7c37460 Exception <a 'java/lang/NoSuchMethodError'{0x00000000eae1d478}: 'java.lang.Object java.lang.invoke.Invokers$Holder.invoke_MT(java.lang.Object, java.lang.Object, java.lang.Object)'> (0x00000000eae1d478) 
thrown [s\src\hotspot\share\interpreter\linkResolver.cpp, line 759]
Event: 6.930 Thread 0x000002efc7c37460 Exception <a 'java/lang/NullPointerException'{0x00000000eb22e840}> (0x00000000eb22e840) 
thrown [s\src\hotspot\share\interpreter\linkResolver.cpp, line 1350]
Event: 7.185 Thread 0x000002efc7c37460 Exception <a 'sun/nio/fs/WindowsException'{0x00000000eb273938}> (0x00000000eb273938) 
thrown [s\src\hotspot\share\prims\jni.cpp, line 516]
Event: 7.187 Thread 0x000002efc59d7060 Exception <a 'java/lang/NoSuchMethodError'{0x00000000eb27c370}: 'int java.lang.invoke.DirectMethodHandle$Holder.invokeVirtual(java.lang.Object, java.lang.Object)'> (0x00000000eb27c370) 
thrown [s\src\hotspot\share\interpreter\linkResolver.cpp, line 759]
Event: 7.192 Thread 0x000002efc7c37460 Exception <a 'sun/nio/fs/WindowsException'{0x00000000eb2e9848}> (0x00000000eb2e9848) 
thrown [s\src\hotspot\share\prims\jni.cpp, line 516]
Event: 7.254 Thread 0x000002efc7c37930 Exception <a 'java/lang/NoSuchMethodError'{0x00000000eb45b1c8}: 'java.lang.Object java.lang.invoke.DirectMethodHandle$Holder.invokeInterface(java.lang.Object, java.lang.Object, java.lang.Object)'> (0x00000000eb45b1c8) 
thrown [s\src\hotspot\share\interpreter\linkResolver.cpp, line 759]
Event: 7.258 Thread 0x000002efc59da550 Exception <a 'java/io/FileNotFoundException'{0x00000000eb4ad290}> (0x00000000eb4ad290) 
thrown [s\src\hotspot\share\prims\jni.cpp, line 516]
Event: 7.259 Thread 0x000002efc59da550 Exception <a 'java/io/FileNotFoundException'{0x00000000eb4ae540}> (0x00000000eb4ae540) 
thrown [s\src\hotspot\share\prims\jni.cpp, line 516]
Event: 7.285 Thread 0x000002efc59da550 Exception <a 'java/lang/NoSuchMethodError'{0x00000000eb596128}: 'java.lang.Object java.lang.invoke.DirectMethodHandle$Holder.invokeStatic(java.lang.Object, java.lang.Object, int, java.lang.Object)'> (0x00000000eb596128) 
thrown [s\src\hotspot\share\interpreter\linkResolver.cpp, line 759]
Event: 7.290 Thread 0x000002efc59da550 Exception <a 'java/lang/NoSuchMethodError'{0x00000000eb5a6918}: 'java.lang.Object java.lang.invoke.DirectMethodHandle$Holder.newInvokeSpecial(java.lang.Object, java.lang.Object, int)'> (0x00000000eb5a6918) 
thrown [s\src\hotspot\share\interpreter\linkResolver.cpp, line 759]
Event: 7.323 Thread 0x000002efc7c37930 Exception <a 'java/io/FileNotFoundException'{0x00000000eb70a960}> (0x00000000eb70a960) 
thrown [s\src\hotspot\share\prims\jni.cpp, line 516]
Event: 7.324 Thread 0x000002efc7c37930 Exception <a 'java/io/FileNotFoundException'{0x00000000eb70c220}> (0x00000000eb70c220) 
thrown [s\src\hotspot\share\prims\jni.cpp, line 516]
Event: 7.478 Thread 0x000002efc7c37930 Exception <a 'java/io/FileNotFoundException'{0x00000000eba18b10}> (0x00000000eba18b10) 
thrown [s\src\hotspot\share\prims\jni.cpp, line 516]

VM Operations (20 events):
Event: 6.192 Executing VM operation: ParallelGCFailedAllocation done
Event: 6.339 Executing VM operation: HandshakeAllThreads
Event: 6.339 Executing VM operation: HandshakeAllThreads done
Event: 6.570 Executing VM operation: ICBufferFull
Event: 6.570 Executing VM operation: ICBufferFull done
Event: 6.644 Executing VM operation: ParallelGCFailedAllocation
Event: 6.649 Executing VM operation: ParallelGCFailedAllocation done
Event: 6.717 Executing VM operation: HandshakeAllThreads
Event: 6.717 Executing VM operation: HandshakeAllThreads done
Event: 6.727 Executing VM operation: HandshakeAllThreads
Event: 6.727 Executing VM operation: HandshakeAllThreads done
Event: 6.825 Executing VM operation: HandshakeAllThreads
Event: 6.825 Executing VM operation: HandshakeAllThreads done
Event: 6.891 Executing VM operation: HandshakeAllThreads
Event: 6.891 Executing VM operation: HandshakeAllThreads done
Event: 7.305 Executing VM operation: HandshakeAllThreads
Event: 7.305 Executing VM operation: HandshakeAllThreads done
Event: 7.306 Executing VM operation: HandshakeAllThreads
Event: 7.307 Executing VM operation: HandshakeAllThreads done
Event: 7.616 Executing VM operation: ParallelGCFailedAllocation

Events (20 events):
Event: 7.328 loading class java/util/concurrent/CompletableFuture$Signaller
Event: 7.328 loading class java/util/concurrent/CompletableFuture$Signaller done
Event: 7.328 loading class java/util/concurrent/ForkJoinTask$Aux
Event: 7.328 loading class java/util/concurrent/ForkJoinTask$Aux done
Event: 7.341 loading class java/util/regex/Pattern$BackRef
Event: 7.341 loading class java/util/regex/Pattern$BackRef done
Event: 7.357 loading class java/lang/ThreadLocal$SuppliedThreadLocal
Event: 7.357 loading class java/lang/ThreadLocal$SuppliedThreadLocal done
Event: 7.400 loading class java/nio/charset/CharacterCodingException
Event: 7.400 loading class java/nio/charset/CharacterCodingException done
Event: 7.400 loading class java/io/SequenceInputStream
Event: 7.400 loading class java/io/SequenceInputStream done
Event: 7.492 loading class sun/nio/cs/ThreadLocalCoders
Event: 7.492 loading class sun/nio/cs/ThreadLocalCoders done
Event: 7.492 loading class sun/nio/cs/ThreadLocalCoders$1
Event: 7.492 loading class sun/nio/cs/ThreadLocalCoders$Cache
Event: 7.492 loading class sun/nio/cs/ThreadLocalCoders$Cache done
Event: 7.492 loading class sun/nio/cs/ThreadLocalCoders$1 done
Event: 7.492 loading class sun/nio/cs/ThreadLocalCoders$2
Event: 7.492 loading class sun/nio/cs/ThreadLocalCoders$2 done


Dynamic libraries:
0x00007ff787a50000 - 0x00007ff787a5e000 	c:\Users\TK\.vscode\extensions\redhat.java-1.18.0-win32-x64\jre\17.0.7-win32-x86_64\bin\java.exe
0x00007ffe571d0000 - 0x00007ffe573c5000 	C:\WINDOWS\SYSTEM32\ntdll.dll
0x00007ffe56360000 - 0x00007ffe5641e000 	C:\WINDOWS\System32\KERNEL32.DLL
0x00007ffe54b80000 - 0x00007ffe54e48000 	C:\WINDOWS\System32\KERNELBASE.dll
0x00007ffe55120000 - 0x00007ffe55220000 	C:\WINDOWS\System32\ucrtbase.dll
0x00007ffe4e290000 - 0x00007ffe4e2a9000 	c:\Users\TK\.vscode\extensions\redhat.java-1.18.0-win32-x64\jre\17.0.7-win32-x86_64\bin\VCRUNTIME140.dll
0x00007ffe3f250000 - 0x00007ffe3f267000 	c:\Users\TK\.vscode\extensions\redhat.java-1.18.0-win32-x64\jre\17.0.7-win32-x86_64\bin\jli.dll
0x00007ffe55330000 - 0x00007ffe554d0000 	C:\WINDOWS\System32\USER32.dll
0x00007ffe54980000 - 0x00007ffe549a2000 	C:\WINDOWS\System32\win32u.dll
0x00007ffe53ce0000 - 0x00007ffe53f7a000 	C:\WINDOWS\WinSxS\amd64_microsoft.windows.common-controls_6595b64144ccf1df_6.0.19041.1110_none_60b5254171f9507e\COMCTL32.dll
0x00007ffe554d0000 - 0x00007ffe554fb000 	C:\WINDOWS\System32\GDI32.dll
0x00007ffe56420000 - 0x00007ffe564be000 	C:\WINDOWS\System32\msvcrt.dll
0x00007ffe54fe0000 - 0x00007ffe550ed000 	C:\WINDOWS\System32\gdi32full.dll
0x00007ffe548e0000 - 0x00007ffe5497d000 	C:\WINDOWS\System32\msvcp_win.dll
0x00007ffe55640000 - 0x00007ffe55670000 	C:\WINDOWS\System32\IMM32.DLL
0x00007ffe4e280000 - 0x00007ffe4e28c000 	c:\Users\TK\.vscode\extensions\redhat.java-1.18.0-win32-x64\jre\17.0.7-win32-x86_64\bin\vcruntime140_1.dll
0x00007ffe20e70000 - 0x00007ffe20f01000 	c:\Users\TK\.vscode\extensions\redhat.java-1.18.0-win32-x64\jre\17.0.7-win32-x86_64\bin\msvcp140.dll
0x00007ffdfb350000 - 0x00007ffdfbf98000 	c:\Users\TK\.vscode\extensions\redhat.java-1.18.0-win32-x64\jre\17.0.7-win32-x86_64\bin\server\jvm.dll
0x00007ffe57040000 - 0x00007ffe570ee000 	C:\WINDOWS\System32\ADVAPI32.dll
0x00007ffe55670000 - 0x00007ffe5570c000 	C:\WINDOWS\System32\sechost.dll
0x00007ffe56230000 - 0x00007ffe56355000 	C:\WINDOWS\System32\RPCRT4.dll
0x00007ffe384b0000 - 0x00007ffe384b9000 	C:\WINDOWS\SYSTEM32\WSOCK32.dll
0x00007ffe2ff70000 - 0x00007ffe2ff97000 	C:\WINDOWS\SYSTEM32\WINMM.dll
0x00007ffe4b0b0000 - 0x00007ffe4b0ba000 	C:\WINDOWS\SYSTEM32\VERSION.dll
0x00007ffe570f0000 - 0x00007ffe5715b000 	C:\WINDOWS\System32\WS2_32.dll
0x00007ffe52b10000 - 0x00007ffe52b22000 	C:\WINDOWS\SYSTEM32\kernel.appcore.dll
0x00007ffe37010000 - 0x00007ffe3701a000 	c:\Users\TK\.vscode\extensions\redhat.java-1.18.0-win32-x64\jre\17.0.7-win32-x86_64\bin\jimage.dll
0x00007ffe54280000 - 0x00007ffe54464000 	C:\WINDOWS\SYSTEM32\DBGHELP.DLL
0x00007ffe54250000 - 0x00007ffe5427c000 	C:\WINDOWS\SYSTEM32\dbgcore.DLL
0x00007ffe54e50000 - 0x00007ffe54ed2000 	C:\WINDOWS\System32\bcryptPrimitives.dll
0x00007ffe36e00000 - 0x00007ffe36e0e000 	c:\Users\TK\.vscode\extensions\redhat.java-1.18.0-win32-x64\jre\17.0.7-win32-x86_64\bin\instrument.dll
0x00007ffe28ff0000 - 0x00007ffe29015000 	c:\Users\TK\.vscode\extensions\redhat.java-1.18.0-win32-x64\jre\17.0.7-win32-x86_64\bin\java.dll
0x00007ffe21400000 - 0x00007ffe21418000 	c:\Users\TK\.vscode\extensions\redhat.java-1.18.0-win32-x64\jre\17.0.7-win32-x86_64\bin\zip.dll
0x00007ffe55960000 - 0x00007ffe560a4000 	C:\WINDOWS\System32\SHELL32.dll
0x00007ffe52360000 - 0x00007ffe52af4000 	C:\WINDOWS\SYSTEM32\windows.storage.dll
0x00007ffe56b50000 - 0x00007ffe56ea5000 	C:\WINDOWS\System32\combase.dll
0x00007ffe53c40000 - 0x00007ffe53c6e000 	C:\WINDOWS\SYSTEM32\Wldp.dll
0x00007ffe55280000 - 0x00007ffe5532d000 	C:\WINDOWS\System32\SHCORE.dll
0x00007ffe55220000 - 0x00007ffe55275000 	C:\WINDOWS\System32\shlwapi.dll
0x00007ffe54820000 - 0x00007ffe5483f000 	C:\WINDOWS\SYSTEM32\profapi.dll
0x00007ffe20d30000 - 0x00007ffe20d49000 	C:\Users\TK\.vscode\extensions\redhat.java-1.18.0-win32-x64\jre\17.0.7-win32-x86_64\bin\net.dll
0x00007ffe4afa0000 - 0x00007ffe4b0ac000 	C:\WINDOWS\SYSTEM32\WINHTTP.dll
0x00007ffe53b10000 - 0x00007ffe53b7a000 	C:\WINDOWS\system32\mswsock.dll
0x00007ffe28fd0000 - 0x00007ffe28fe5000 	C:\Users\TK\.vscode\extensions\redhat.java-1.18.0-win32-x64\jre\17.0.7-win32-x86_64\bin\nio.dll
0x00007ffe31490000 - 0x00007ffe314a0000 	c:\Users\TK\.vscode\extensions\redhat.java-1.18.0-win32-x64\jre\17.0.7-win32-x86_64\bin\verify.dll
0x00007ffe202c0000 - 0x00007ffe202fe000 	C:\Users\TK\AppData\Roaming\Code\User\globalStorage\redhat.java\1.18.0\config_win\org.eclipse.equinox.launcher\org.eclipse.equinox.launcher.win32.win32.x86_64_1.2.700.v20221108-1024\eclipse_11801.dll
0x00007ffe56f10000 - 0x00007ffe5703a000 	C:\WINDOWS\System32\ole32.dll
0x00007ffe54660000 - 0x00007ffe54678000 	C:\WINDOWS\SYSTEM32\CRYPTSP.dll
0x00007ffe53340000 - 0x00007ffe53374000 	C:\WINDOWS\system32\rsaenh.dll
0x00007ffe550f0000 - 0x00007ffe55117000 	C:\WINDOWS\System32\bcrypt.dll
0x00007ffe547e0000 - 0x00007ffe5480e000 	C:\WINDOWS\SYSTEM32\USERENV.dll
0x00007ffe53c00000 - 0x00007ffe53c0c000 	C:\WINDOWS\SYSTEM32\CRYPTBASE.dll
0x00007ffe53690000 - 0x00007ffe536cb000 	C:\WINDOWS\SYSTEM32\IPHLPAPI.DLL
0x00007ffe56210000 - 0x00007ffe56218000 	C:\WINDOWS\System32\NSI.dll
0x00007ffe4ad20000 - 0x00007ffe4ad37000 	C:\WINDOWS\SYSTEM32\dhcpcsvc6.DLL
0x00007ffe4b150000 - 0x00007ffe4b16d000 	C:\WINDOWS\SYSTEM32\dhcpcsvc.DLL
0x00007ffe536d0000 - 0x00007ffe5379b000 	C:\WINDOWS\SYSTEM32\DNSAPI.dll
0x00007ffe20db0000 - 0x00007ffe20df5000 	C:\Users\TK\AppData\Local\Temp\jna-2679\jna3033034229491470998.dll
0x00007ffe57180000 - 0x00007ffe57188000 	C:\WINDOWS\System32\PSAPI.DLL

dbghelp: loaded successfully - version: 4.0.5 - missing functions: none
symbol engine: initialized successfully - sym options: 0x614 - pdb path: .;c:\Users\TK\.vscode\extensions\redhat.java-1.18.0-win32-x64\jre\17.0.7-win32-x86_64\bin;C:\WINDOWS\SYSTEM32;C:\WINDOWS\WinSxS\amd64_microsoft.windows.common-controls_6595b64144ccf1df_6.0.19041.1110_none_60b5254171f9507e;c:\Users\TK\.vscode\extensions\redhat.java-1.18.0-win32-x64\jre\17.0.7-win32-x86_64\bin\server;C:\Users\TK\AppData\Roaming\Code\User\globalStorage\redhat.java\1.18.0\config_win\org.eclipse.equinox.launcher\org.eclipse.equinox.launcher.win32.win32.x86_64_1.2.700.v20221108-1024;C:\Users\TK\AppData\Local\Temp\jna-2679

VM Arguments:
jvm_args: --add-modules=ALL-SYSTEM --add-opens=java.base/java.util=ALL-UNNAMED --add-opens=java.base/java.lang=ALL-UNNAMED --add-opens=java.base/sun.nio.fs=ALL-UNNAMED -Declipse.application=org.eclipse.jdt.ls.core.id1 -Dosgi.bundles.defaultStartLevel=4 -Declipse.product=org.eclipse.jdt.ls.core.product -Djava.import.generatesMetadataFilesAtProjectRoot=false -Dfile.encoding=utf8 -XX:+UseParallelGC -XX:GCTimeRatio=4 -XX:AdaptiveSizePolicyWeight=90 -Dsun.zip.disableMemoryMapping=true -Xmx1G -Xms100m -Xlog:disable -javaagent:c:\Users\TK\.vscode\extensions\redhat.java-1.18.0-win32-x64\lombok\lombok-1.18.27.jar -XX:+HeapDumpOnOutOfMemoryError -XX:HeapDumpPath=c:\Users\TK\AppData\Roaming\Code\User\workspaceStorage\260af681b694b9773cdcb8db8fcff770\redhat.java -Daether.dependencyCollector.impl=bf 
java_command: c:\Users\TK\.vscode\extensions\redhat.java-1.18.0-win32-x64\server\plugins\org.eclipse.equinox.launcher_1.6.400.v20210924-0641.jar -configuration c:\Users\TK\AppData\Roaming\Code\User\globalStorage\redhat.java\1.18.0\config_win -data c:\Users\TK\AppData\Roaming\Code\User\workspaceStorage\260af681b694b9773cdcb8db8fcff770\redhat.java\jdt_ws
java_class_path (initial): c:\Users\TK\.vscode\extensions\redhat.java-1.18.0-win32-x64\server\plugins\org.eclipse.equinox.launcher_1.6.400.v20210924-0641.jar
Launcher Type: SUN_STANDARD

[Global flags]
    uintx AdaptiveSizePolicyWeight                 = 90                                        {product} {command line}
     intx CICompilerCount                          = 4                                         {product} {ergonomic}
    uintx GCTimeRatio                              = 4                                         {product} {command line}
     bool HeapDumpOnOutOfMemoryError               = true                                   {manageable} {command line}
    ccstr HeapDumpPath                             = c:\Users\TK\AppData\Roaming\Code\User\workspaceStorage\260af681b694b9773cdcb8db8fcff770\redhat.java         {manageable} {command line}
   size_t InitialHeapSize                          = 104857600                                 {product} {command line}
   size_t MaxHeapSize                              = 1073741824                                {product} {command line}
   size_t MaxNewSize                               = 357564416                                 {product} {ergonomic}
   size_t MinHeapDeltaBytes                        = 524288                                    {product} {ergonomic}
   size_t MinHeapSize                              = 104857600                                 {product} {command line}
   size_t NewSize                                  = 34603008                                  {product} {ergonomic}
    uintx NonNMethodCodeHeapSize                   = 5839372                                {pd product} {ergonomic}
    uintx NonProfiledCodeHeapSize                  = 122909434                              {pd product} {ergonomic}
   size_t OldSize                                  = 70254592                                  {product} {ergonomic}
    uintx ProfiledCodeHeapSize                     = 122909434                              {pd product} {ergonomic}
    uintx ReservedCodeCacheSize                    = 251658240                              {pd product} {ergonomic}
     bool SegmentedCodeCache                       = true                                      {product} {ergonomic}
   size_t SoftMaxHeapSize                          = 1073741824                             {manageable} {ergonomic}
     bool UseCompressedClassPointers               = true                           {product lp64_product} {ergonomic}
     bool UseCompressedOops                        = true                           {product lp64_product} {ergonomic}
     bool UseLargePagesIndividualAllocation        = false                                  {pd product} {ergonomic}
     bool UseParallelGC                            = true                                      {product} {command line}

Logging:
Log output configuration:
 #0: stdout all=off uptime,level,tags
 #1: stderr all=off uptime,level,tags

Environment Variables:
JAVA_HOME=C:\Users\TK\AppData\Local\Programs\Eclipse Adoptium\jdk-17.0.6.10-hotspot\
PATH=C:\Program Files\Common Files\Oracle\Java\javapath;C:\WINDOWS\system32;C:\WINDOWS;C:\WINDOWS\System32\Wbem;C:\WINDOWS\System32\WindowsPowerShell\v1.0\;C:\WINDOWS\System32\OpenSSH\;C:\Program Files\nodejs\;C:\Program Files\Git\cmd;C:\Users\TK\AppData\Local\Programs\Eclipse Adoptium\jdk-17.0.6.10-hotspot\bin;C:\Users\TK\AppData\Local\Microsoft\WindowsApps;C:\New Folder\Microsoft VS Code\bin;C:\Users\TK\AppData\Roaming\npm;C:\Users\TK\AppData\Local\GitHubDesktop\bin;C:\Users\TK\AppData\Local\Programs\Azure Dev CLI\
USERNAME=TK
OS=Windows_NT
PROCESSOR_IDENTIFIER=Intel64 Family 6 Model 142 Stepping 12, GenuineIntel
TMP=C:\Users\TK\AppData\Local\Temp
TEMP=C:\Users\TK\AppData\Local\Temp



---------------  S Y S T E M  ---------------

OS:
 Windows 10 , 64 bit Build 19041 (10.0.19041.1503)
OS uptime: 0 days 0:06 hours

CPU: total 8 (initial active 8) (4 cores per cpu, 2 threads per core) family 6 model 142 stepping 12 microcode 0xde, cx8, cmov, fxsr, ht, mmx, 3dnowpref, sse, sse2, sse3, ssse3, sse4.1, sse4.2, popcnt, lzcnt, tsc, tscinvbit, avx, avx2, aes, erms, clmul, bmi1, bmi2, adx, fma, vzeroupper, clflush, clflushopt

Memory: 4k page, system-wide physical 8043M (2630M free)
TotalPageFile size 14984M (AvailPageFile size 8829M)
current process WorkingSet (physical memory assigned to process): 207M, peak: 211M
current process commit charge ("private bytes"): 303M, peak: 309M

vm_info: OpenJDK 64-Bit Server VM (17.0.7+7) for windows-amd64 JRE (17.0.7+7), built on Apr 18 2023 22:10:42 by "temurin" with MS VC++ 16.7 (VS2019)

END.
